18:12:51 **** Incremental Build of configuration Debug for project DSI ****
make all 
Building file: ../DSI.c
Invoking: AVR Compiler
avr-gcc -Wall -g2 -gstabs -O0 -fpack-struct -fshort-enums -ffunction-sections -fdata-sections -std=gnu99 -funsigned-char -funsigned-bitfields -mmcu=atmega16 -DF_CPU=1000000UL -MMD -MP -MF"DSI.d" -MT"DSI.o" -c -o "DSI.o" "../DSI.c"
../DSI.c:9:1: warning: "F_CPU" redefined
<command-line>: warning: this is the location of the previous definition
In file included from ../DSI.c:10:
c:/winavr-20100110/lib/gcc/../../avr/include/util/delay.h:90:3: warning: #warning "Compiler optimizations disabled; functions from <util/delay.h> won't work as designed"
../DSI.c: In function 'main':
../DSI.c:161: warning: implicit declaration of function 'sprintf'
../DSI.c:161: warning: incompatible implicit declaration of built-in function 'sprintf'
../DSI.c:175: warning: pointer targets in passing argument 1 of 'LCD_D_C_ST' differ in signedness
Finished building: ../DSI.c
 
Building target: DSI.elf
Invoking: AVR C Linker
avr-gcc -Wl,-Map,DSI.map -mmcu=atmega16 -o "DSI.elf"  ./DSI.o   
Finished building target: DSI.elf
 
Invoking: AVR Create Extended Listing
avr-objdump -h -S DSI.elf  >"DSI.lss"
Finished building: DSI.lss
 
Invoking: Print Size
avr-size --format=avr --mcu=atmega16 DSI.elf
AVR Memory Usage
----------------
Device: atmega16

Program:    8944 bytes (54.6% Full)
(.text + .data + .bootloader)

Data:         34 bytes (3.3% Full)
(.data + .bss + .noinit)


Finished building: sizedummy
 

18:12:52 Build Finished. 0 errors, 5 warnings. (took 502ms)

