22:53:10 **** Incremental Build of configuration Debug for project p11 ****
make all 
Building file: ../miniproject4.c
Invoking: AVR Compiler
avr-gcc -Wall -g2 -gstabs -O0 -fpack-struct -fshort-enums -ffunction-sections -fdata-sections -std=gnu99 -funsigned-char -funsigned-bitfields -mmcu=atmega32 -DF_CPU=16000000UL -MMD -MP -MF"miniproject4.d" -MT"miniproject4.o" -c -o "miniproject4.o" "../miniproject4.c"
In file included from ../miniproject4.c:12:
c:/winavr-20100110/lib/gcc/../../avr/include/util/delay.h:90:3: warning: #warning "Compiler optimizations disabled; functions from <util/delay.h> won't work as designed"
Finished building: ../miniproject4.c
 
Building file: ../relay.c
Invoking: AVR Compiler
avr-gcc -Wall -g2 -gstabs -O0 -fpack-struct -fshort-enums -ffunction-sections -fdata-sections -std=gnu99 -funsigned-char -funsigned-bitfields -mmcu=atmega32 -DF_CPU=16000000UL -MMD -MP -MF"relay.d" -MT"relay.o" -c -o "relay.o" "../relay.c"
Finished building: ../relay.c
 
Building target: p11.elf
Invoking: AVR C Linker
avr-gcc -Wl,-Map,p11.map -mmcu=atmega32 -o "p11.elf"  ./Ultrasonic.o ./buzzer.o ./gpio.o ./icu.o ./lcd.o ./miniproject4.o ./relay.o   
Finished building target: p11.elf
 
Invoking: AVR Create Extended Listing
avr-objdump -h -S p11.elf  >"p11.lss"
Finished building: p11.lss
 
Create Flash image (ihex format)
avr-objcopy -R .eeprom -R .fuse -R .lock -R .signature -O ihex p11.elf  "p11.hex"
Finished building: p11.hex
 
Invoking: Print Size
avr-size --format=avr --mcu=atmega32 p11.elf
AVR Memory Usage
----------------
Device: atmega32

Program:   12640 bytes (38.6% Full)
(.text + .data + .bootloader)

Data:        317 bytes (15.5% Full)
(.data + .bss + .noinit)


Finished building: sizedummy
 

22:53:11 Build Finished. 0 errors, 1 warnings. (took 610ms)

